Added Component: Designator=C1(0805)
Add component. Clean all parameters for all variants
Added Component: Designator=C2(0805)
Add component. Clean all parameters for all variants
Added Component: Designator=C3(0805)
Add component. Clean all parameters for all variants
Added Component: Designator=C4(0805)
Add component. Clean all parameters for all variants
Added Component: Designator=C5(0805)
Add component. Clean all parameters for all variants
Added Component: Designator=C6(0805)
Add component. Clean all parameters for all variants
Added Component: Designator=C7(0805)
Add component. Clean all parameters for all variants
Added Component: Designator=C8(0805)
Add component. Clean all parameters for all variants
Added Component: Designator=C9(Capa_polarisee)
Add component. Clean all parameters for all variants
Added Component: Designator=C10(Capa_polarisee)
Add component. Clean all parameters for all variants
Added Component: Designator=C11(Capa_polarisee)
Add component. Clean all parameters for all variants
Added Component: Designator=C12(Capa_polarisee)
Add component. Clean all parameters for all variants
Added Component: Designator=C13(0805)
Add component. Clean all parameters for all variants
Added Component: Designator=C14(0805)
Add component. Clean all parameters for all variants
Added Component: Designator=C15(0805)
Add component. Clean all parameters for all variants
Added Component: Designator=C16(0805)
Add component. Clean all parameters for all variants
Added Component: Designator=C17(Capa_polarisee)
Add component. Clean all parameters for all variants
Added Component: Designator=C18(Capa_polarisee)
Add component. Clean all parameters for all variants
Added Component: Designator=C19(Capa_polarisee)
Add component. Clean all parameters for all variants
Added Component: Designator=C20(0805)
Add component. Clean all parameters for all variants
Added Component: Designator=C21(0805)
Add component. Clean all parameters for all variants
Added Component: Designator=D1(DO-41)
Add component. Clean all parameters for all variants
Added Component: Designator=D3(Zener5)
Add component. Clean all parameters for all variants
Added Component: Designator=J1(Petit_bornier_3_voies)
Add component. Clean all parameters for all variants
Added Component: Designator=J2(Gros Bornier 2 voies)
Add component. Clean all parameters for all variants
Added Component: Designator=J3(Petit_bornier_3_voies)
Add component. Clean all parameters for all variants
Added Component: Designator=J4(Petit_bornier_3_voies)
Add component. Clean all parameters for all variants
Added Component: Designator=J5(Gros Bornier 2 voies)
Add component. Clean all parameters for all variants
Added Component: Designator=J6(Petit_bornier_4_voies)
Add component. Clean all parameters for all variants
Added Component: Designator=J7(Gros Bornier 2 voies)
Add component. Clean all parameters for all variants
Added Component: Designator=J8(Petit_bornier_2_voies)
Add component. Clean all parameters for all variants
Added Component: Designator=J9(Gros Bornier 2 voies)
Add component. Clean all parameters for all variants
Added Component: Designator=J10(Petit_bornier_2_voies)
Add component. Clean all parameters for all variants
Added Component: Designator=J11(Petit_bornier_4_voies)
Add component. Clean all parameters for all variants
Added Component: Designator=J12(Gros Bornier 2 voies)
Add component. Clean all parameters for all variants
Added Component: Designator=J13(Gros Bornier 2 voies)
Add component. Clean all parameters for all variants
Added Component: Designator=J14(Gros Bornier 2 voies)
Add component. Clean all parameters for all variants
Added Component: Designator=L2(74408943220)
Add component. Clean all parameters for all variants
Added Component: Designator=R1(0805)
Add component. Clean all parameters for all variants
Added Component: Designator=R2(0805)
Add component. Clean all parameters for all variants
Added Component: Designator=R3(0805)
Add component. Clean all parameters for all variants
Added Component: Designator=R4(0805)
Add component. Clean all parameters for all variants
Added Component: Designator=R5(0805)
Add component. Clean all parameters for all variants
Added Component: Designator=R6(0805)
Add component. Clean all parameters for all variants
Added Component: Designator=R7(0805)
Add component. Clean all parameters for all variants
Added Component: Designator=R8(0805)
Add component. Clean all parameters for all variants
Added Component: Designator=R9(0805)
Add component. Clean all parameters for all variants
Added Component: Designator=R10(0805)
Add component. Clean all parameters for all variants
Added Component: Designator=R11(0805)
Add component. Clean all parameters for all variants
Added Component: Designator=R12(0805)
Add component. Clean all parameters for all variants
Added Component: Designator=R13(0805)
Add component. Clean all parameters for all variants
Added Component: Designator=R14(0805)
Add component. Clean all parameters for all variants
Added Component: Designator=R15(0805)
Add component. Clean all parameters for all variants
Added Component: Designator=R16(0805)
Add component. Clean all parameters for all variants
Added Component: Designator=T1(SO-8)
Add component. Clean all parameters for all variants
Added Component: Designator=T2(SOT-23 - duplicate)
Add component. Clean all parameters for all variants
Added Component: Designator=T3(SO-8)
Add component. Clean all parameters for all variants
Added Component: Designator=T4(SO-8)
Add component. Clean all parameters for all variants
Added Component: Designator=T5(SO-8)
Add component. Clean all parameters for all variants
Added Component: Designator=T6(SOT-23 - duplicate)
Add component. Clean all parameters for all variants
Added Component: Designator=T7(SOT-23 - duplicate)
Add component. Clean all parameters for all variants
Added Component: Designator=T8(SOT-23 - duplicate)
Add component. Clean all parameters for all variants
Added Component: Designator=T9(SOT-23 - duplicate)
Add component. Clean all parameters for all variants
Added Component: Designator=U1(SOT-23)
Add component. Clean all parameters for all variants
Added Component: Designator=U2(Relai)
Add component. Clean all parameters for all variants
Added Component: Designator=U3(Raspberry)
Add component. Clean all parameters for all variants
Added Component: Designator=U4(TO-220-7 + dissipateur)
Add component. Clean all parameters for all variants
Added Component: Designator=U5(TO-263)
Add component. Clean all parameters for all variants
Added Component: Designator=U6(TO-220 + Dissipateur)
Add component. Clean all parameters for all variants
Added Pin To Net: NetName=+3.3V Pin=C1-1
Added Pin To Net: NetName=+3.3V Pin=C2-1
Added Pin To Net: NetName=+3.3V Pin=C3-1
Added Pin To Net: NetName=+3.3V Pin=C21-1
Added Pin To Net: NetName=+3.3V Pin=D1-2
Added Pin To Net: NetName=+3.3V Pin=J1-1
Added Pin To Net: NetName=+3.3V Pin=J6-1
Added Pin To Net: NetName=+3.3V Pin=R2-2
Added Pin To Net: NetName=+3.3V Pin=R3-2
Added Pin To Net: NetName=+3.3V Pin=U1-1
Added Pin To Net: NetName=+3.3V Pin=U1-5
Added Pin To Net: NetName=+3.3V Pin=U2-1
Added Pin To Net: NetName=+3.3V Pin=U3-17
Added Pin To Net: NetName=+3.3V Pin=U6-3
Added Net: Name=+3.3V
Added Pin To Net: NetName=+5V Pin=C17-2
Added Pin To Net: NetName=+5V Pin=C18-2
Added Pin To Net: NetName=+5V Pin=C19-2
Added Pin To Net: NetName=+5V Pin=C20-1
Added Pin To Net: NetName=+5V Pin=L2-2
Added Pin To Net: NetName=+5V Pin=U3-2
Added Pin To Net: NetName=+5V Pin=U3-4
Added Pin To Net: NetName=+5V Pin=U5-6
Added Pin To Net: NetName=+5V Pin=U6-1
Added Net: Name=+5V
Added Pin To Net: NetName=+12V Pin=C9-2
Added Pin To Net: NetName=+12V Pin=C10-2
Added Pin To Net: NetName=+12V Pin=C11-2
Added Pin To Net: NetName=+12V Pin=C12-2
Added Pin To Net: NetName=+12V Pin=J2-2
Added Pin To Net: NetName=+12V Pin=J3-1
Added Pin To Net: NetName=+12V Pin=J4-1
Added Pin To Net: NetName=+12V Pin=J10-1
Added Pin To Net: NetName=+12V Pin=U4-6
Added Net: Name=+12V
Added Pin To Net: NetName=+24v Pin=C5-1
Added Pin To Net: NetName=+24v Pin=C6-1
Added Pin To Net: NetName=+24v Pin=C7-1
Added Pin To Net: NetName=+24v Pin=C8-1
Added Pin To Net: NetName=+24v Pin=C14-1
Added Pin To Net: NetName=+24v Pin=C15-1
Added Pin To Net: NetName=+24v Pin=C16-1
Added Pin To Net: NetName=+24v Pin=J7-2
Added Pin To Net: NetName=+24v Pin=J9-2
Added Pin To Net: NetName=+24v Pin=J14-2
Added Pin To Net: NetName=+24v Pin=U4-2
Added Pin To Net: NetName=+24v Pin=U5-2
Added Net: Name=+24v
Added Pin To Net: NetName=220V Pin=J12-2
Added Pin To Net: NetName=220V Pin=J13-2
Added Pin To Net: NetName=220V Pin=U2-3
Added Net: Name=220V
Added Pin To Net: NetName=GND Pin=C1-2
Added Pin To Net: NetName=GND Pin=C2-2
Added Pin To Net: NetName=GND Pin=C3-2
Added Pin To Net: NetName=GND Pin=C5-2
Added Pin To Net: NetName=GND Pin=C6-2
Added Pin To Net: NetName=GND Pin=C7-2
Added Pin To Net: NetName=GND Pin=C8-2
Added Pin To Net: NetName=GND Pin=C9-1
Added Pin To Net: NetName=GND Pin=C10-1
Added Pin To Net: NetName=GND Pin=C11-1
Added Pin To Net: NetName=GND Pin=C12-1
Added Pin To Net: NetName=GND Pin=C14-2
Added Pin To Net: NetName=GND Pin=C15-2
Added Pin To Net: NetName=GND Pin=C16-2
Added Pin To Net: NetName=GND Pin=C17-1
Added Pin To Net: NetName=GND Pin=C18-1
Added Pin To Net: NetName=GND Pin=C19-1
Added Pin To Net: NetName=GND Pin=C20-2
Added Pin To Net: NetName=GND Pin=C21-2
Added Pin To Net: NetName=GND Pin=D3-1
Added Pin To Net: NetName=GND Pin=D3-1
Added Pin To Net: NetName=GND Pin=J1-3
Added Pin To Net: NetName=GND Pin=J3-3
Added Pin To Net: NetName=GND Pin=J4-3
Added Pin To Net: NetName=GND Pin=J5-1
Added Pin To Net: NetName=GND Pin=J6-4
Added Pin To Net: NetName=GND Pin=J8-2
Added Pin To Net: NetName=GND Pin=J11-4
Added Pin To Net: NetName=GND Pin=J12-1
Added Pin To Net: NetName=GND Pin=J13-1
Added Pin To Net: NetName=GND Pin=J14-1
Added Pin To Net: NetName=GND Pin=R4-1
Added Pin To Net: NetName=GND Pin=R5-1
Added Pin To Net: NetName=GND Pin=R6-1
Added Pin To Net: NetName=GND Pin=R7-1
Added Pin To Net: NetName=GND Pin=R8-1
Added Pin To Net: NetName=GND Pin=R16-1
Added Pin To Net: NetName=GND Pin=T1-1
Added Pin To Net: NetName=GND Pin=T1-1
Added Pin To Net: NetName=GND Pin=T1-1
Added Pin To Net: NetName=GND Pin=T2-2
Added Pin To Net: NetName=GND Pin=T2-2
Added Pin To Net: NetName=GND Pin=T3-1
Added Pin To Net: NetName=GND Pin=T3-1
Added Pin To Net: NetName=GND Pin=T3-1
Added Pin To Net: NetName=GND Pin=T4-1
Added Pin To Net: NetName=GND Pin=T4-1
Added Pin To Net: NetName=GND Pin=T4-1
Added Pin To Net: NetName=GND Pin=T5-1
Added Pin To Net: NetName=GND Pin=T5-1
Added Pin To Net: NetName=GND Pin=T5-1
Added Pin To Net: NetName=GND Pin=U1-4
Added Pin To Net: NetName=GND Pin=U3-6
Added Pin To Net: NetName=GND Pin=U3-9
Added Pin To Net: NetName=GND Pin=U3-14
Added Pin To Net: NetName=GND Pin=U3-20
Added Pin To Net: NetName=GND Pin=U3-25
Added Pin To Net: NetName=GND Pin=U3-30
Added Pin To Net: NetName=GND Pin=U3-34
Added Pin To Net: NetName=GND Pin=U3-39
Added Pin To Net: NetName=GND Pin=U4-4
Added Pin To Net: NetName=GND Pin=U5-4
Added Pin To Net: NetName=GND Pin=U6-2
Added Net: Name=GND
Added Pin To Net: NetName=NetC4_1 Pin=C4-1
Added Pin To Net: NetName=NetC4_1 Pin=U4-1
Added Net: Name=NetC4_1
Added Pin To Net: NetName=NetC4_2 Pin=C4-2
Added Pin To Net: NetName=NetC4_2 Pin=U4-3
Added Net: Name=NetC4_2
Added Pin To Net: NetName=NetC13_1 Pin=C13-1
Added Pin To Net: NetName=NetC13_1 Pin=D3-2
Added Pin To Net: NetName=NetC13_1 Pin=L2-1
Added Pin To Net: NetName=NetC13_1 Pin=U5-1
Added Net: Name=NetC13_1
Added Pin To Net: NetName=NetC13_2 Pin=C13-2
Added Pin To Net: NetName=NetC13_2 Pin=U5-3
Added Net: Name=NetC13_2
Added Pin To Net: NetName=NetD1_1 Pin=D1-1
Added Pin To Net: NetName=NetD1_1 Pin=U2-4
Added Net: Name=NetD1_1
Added Pin To Net: NetName=NetJ1_2 Pin=J1-2
Added Pin To Net: NetName=NetJ1_2 Pin=U1-2
Added Net: Name=NetJ1_2
Added Pin To Net: NetName=NetJ2_1 Pin=J2-1
Added Pin To Net: NetName=NetJ2_1 Pin=T1-5
Added Pin To Net: NetName=NetJ2_1 Pin=T1-5
Added Pin To Net: NetName=NetJ2_1 Pin=T1-5
Added Pin To Net: NetName=NetJ2_1 Pin=T1-5
Added Net: Name=NetJ2_1
Added Pin To Net: NetName=NetJ3_2 Pin=J3-2
Added Pin To Net: NetName=NetJ3_2 Pin=J4-2
Added Pin To Net: NetName=NetJ3_2 Pin=R16-2
Added Pin To Net: NetName=NetJ3_2 Pin=T9-2
Added Pin To Net: NetName=NetJ3_2 Pin=T9-2
Added Net: Name=NetJ3_2
Added Pin To Net: NetName=NetJ5_2 Pin=J5-2
Added Pin To Net: NetName=NetJ5_2 Pin=U2-2
Added Net: Name=NetJ5_2
Added Pin To Net: NetName=NetJ6_2 Pin=J6-2
Added Pin To Net: NetName=NetJ6_2 Pin=R3-1
Added Pin To Net: NetName=NetJ6_2 Pin=U3-7
Added Net: Name=NetJ6_2
Added Pin To Net: NetName=NetJ7_1 Pin=J7-1
Added Pin To Net: NetName=NetJ7_1 Pin=T3-5
Added Pin To Net: NetName=NetJ7_1 Pin=T3-5
Added Pin To Net: NetName=NetJ7_1 Pin=T3-5
Added Pin To Net: NetName=NetJ7_1 Pin=T3-5
Added Net: Name=NetJ7_1
Added Pin To Net: NetName=NetJ8_1 Pin=J8-1
Added Pin To Net: NetName=NetJ8_1 Pin=R2-1
Added Pin To Net: NetName=NetJ8_1 Pin=U3-11
Added Net: Name=NetJ8_1
Added Pin To Net: NetName=NetJ9_1 Pin=J9-1
Added Pin To Net: NetName=NetJ9_1 Pin=T4-5
Added Pin To Net: NetName=NetJ9_1 Pin=T4-5
Added Pin To Net: NetName=NetJ9_1 Pin=T4-5
Added Pin To Net: NetName=NetJ9_1 Pin=T4-5
Added Net: Name=NetJ9_1
Added Pin To Net: NetName=NetJ10_2 Pin=J10-2
Added Pin To Net: NetName=NetJ10_2 Pin=T5-5
Added Pin To Net: NetName=NetJ10_2 Pin=T5-5
Added Pin To Net: NetName=NetJ10_2 Pin=T5-5
Added Pin To Net: NetName=NetJ10_2 Pin=T5-5
Added Net: Name=NetJ10_2
Added Pin To Net: NetName=NetJ11_1 Pin=J11-1
Added Pin To Net: NetName=NetJ11_1 Pin=R9-1
Added Net: Name=NetJ11_1
Added Pin To Net: NetName=NetJ11_2 Pin=J11-2
Added Pin To Net: NetName=NetJ11_2 Pin=R10-1
Added Net: Name=NetJ11_2
Added Pin To Net: NetName=NetJ11_3 Pin=J11-3
Added Pin To Net: NetName=NetJ11_3 Pin=R11-1
Added Net: Name=NetJ11_3
Added Pin To Net: NetName=NetR1_1 Pin=R1-1
Added Pin To Net: NetName=NetR1_1 Pin=R4-2
Added Pin To Net: NetName=NetR1_1 Pin=U3-16
Added Net: Name=NetR1_1
Added Pin To Net: NetName=NetR1_2 Pin=R1-2
Added Pin To Net: NetName=NetR1_2 Pin=T2-1
Added Net: Name=NetR1_2
Added Pin To Net: NetName=NetR5_2 Pin=R5-2
Added Pin To Net: NetName=NetR5_2 Pin=T1-4
Added Pin To Net: NetName=NetR5_2 Pin=U3-18
Added Net: Name=NetR5_2
Added Pin To Net: NetName=NetR6_2 Pin=R6-2
Added Pin To Net: NetName=NetR6_2 Pin=T3-4
Added Pin To Net: NetName=NetR6_2 Pin=U3-13
Added Net: Name=NetR6_2
Added Pin To Net: NetName=NetR7_2 Pin=R7-2
Added Pin To Net: NetName=NetR7_2 Pin=R8-2
Added Pin To Net: NetName=NetR7_2 Pin=T4-4
Added Pin To Net: NetName=NetR7_2 Pin=T5-4
Added Pin To Net: NetName=NetR7_2 Pin=U3-33
Added Net: Name=NetR7_2
Added Pin To Net: NetName=NetR9_2 Pin=R9-2
Added Pin To Net: NetName=NetR9_2 Pin=T6-2
Added Pin To Net: NetName=NetR9_2 Pin=T6-2
Added Net: Name=NetR9_2
Added Pin To Net: NetName=NetR10_2 Pin=R10-2
Added Pin To Net: NetName=NetR10_2 Pin=T7-2
Added Pin To Net: NetName=NetR10_2 Pin=T7-2
Added Net: Name=NetR10_2
Added Pin To Net: NetName=NetR11_2 Pin=R11-2
Added Pin To Net: NetName=NetR11_2 Pin=T8-2
Added Pin To Net: NetName=NetR11_2 Pin=T8-2
Added Net: Name=NetR11_2
Added Pin To Net: NetName=NetR12_1 Pin=R12-1
Added Pin To Net: NetName=NetR12_1 Pin=U3-37
Added Net: Name=NetR12_1
Added Pin To Net: NetName=NetR12_2 Pin=R12-2
Added Pin To Net: NetName=NetR12_2 Pin=T6-1
Added Net: Name=NetR12_2
Added Pin To Net: NetName=NetR13_1 Pin=R13-1
Added Pin To Net: NetName=NetR13_1 Pin=U3-36
Added Net: Name=NetR13_1
Added Pin To Net: NetName=NetR13_2 Pin=R13-2
Added Pin To Net: NetName=NetR13_2 Pin=T8-1
Added Net: Name=NetR13_2
Added Pin To Net: NetName=NetR14_1 Pin=R14-1
Added Pin To Net: NetName=NetR14_1 Pin=U3-31
Added Net: Name=NetR14_1
Added Pin To Net: NetName=NetR14_2 Pin=R14-2
Added Pin To Net: NetName=NetR14_2 Pin=T7-1
Added Net: Name=NetR14_2
Added Pin To Net: NetName=NetR15_1 Pin=R15-1
Added Pin To Net: NetName=NetR15_1 Pin=T9-1
Added Net: Name=NetR15_1
Added Pin To Net: NetName=NetR15_2 Pin=R15-2
Added Pin To Net: NetName=NetR15_2 Pin=U3-12
Added Net: Name=NetR15_2
Added Pin To Net: NetName=NetU1_6 Pin=U1-6
Added Pin To Net: NetName=NetU1_6 Pin=U3-22
Added Net: Name=NetU1_6
Added Pin To Net: NetName=NetU1_7 Pin=U1-7
Added Pin To Net: NetName=NetU1_7 Pin=U3-21
Added Net: Name=NetU1_7
Added Pin To Net: NetName=NetU1_8 Pin=U1-8
Added Pin To Net: NetName=NetU1_8 Pin=U3-23
Added Net: Name=NetU1_8
